2015-04-23 01:54:51 INFO  LogGen:10 - Logger reached checkLogger
2015-04-23 03:19:24 INFO  LoggerEntry:42 - this is nitish sinha
2015-04-23 03:19:46 INFO  LoggerEntry:42 - this is vipank shree
2015-04-23 03:20:01 INFO  LoggerEntry:42 - this is anish agarwal
2015-04-23 04:16:45 INFO  LoggerEntry:42 - fghgfbh
fgb
gfb
gf
bgfb
gf
bgf
b
fgb
g
bg
b
2015-04-23 04:22:53 INFO  LoggerEntry:42 - 
2015-04-23 04:22:54 INFO  LoggerEntry:42 - 
2015-04-23 04:22:54 INFO  LoggerEntry:42 - 
2015-04-23 04:22:55 INFO  LoggerEntry:42 - 
2015-04-23 04:22:56 INFO  LoggerEntry:42 - 
2015-04-23 09:07:31 INFO  LoggerEntry:42 - anishhhhhh
2015-04-23 09:33:43 INFO  LoggerEntry:42 - fsrfsdfdsf
2015-04-23 09:33:46 INFO  LoggerEntry:42 - dsfdsfsdfsf
2015-04-23 09:33:49 INFO  LoggerEntry:42 - nitish
2015-04-23 09:37:50 INFO  LoggerEntry:42 - fdsfzsfzdsf
2015-04-23 09:37:52 INFO  LoggerEntry:42 - dsfdsfdsfds
2015-04-23 09:37:53 INFO  LoggerEntry:42 - dfsdfdsf
2015-04-23 09:37:54 INFO  LoggerEntry:42 - dfdsfdsf
2015-04-23 10:27:25 INFO  LoggerEntry:42 - this is nitish

2015-04-23 10:44:14 INFO  LoggerEntry:42 - this is nitish

2015-04-23 10:44:44 INFO  LoggerEntry:42 - vipank
